<?xml version="1.0" encoding="UTF-8"?>
<testng-results skipped="0" failed="0" ignored="0" total="2" passed="2">
  <reporter-output>
    <line>
      <![CDATA[Setting up reports and Test Started]]>
    </line>
    <line>
      <![CDATA[Before Suite data has been approved]]>
    </line>
    <line>
      <![CDATA[Browser data is started]]>
    </line>
    <line>
      <![CDATA[Browser data loading has been completed]]>
    </line>
    <line>
      <![CDATA[Report is starting]]>
    </line>
    <line>
      <![CDATA[Extent report has been completed ]]>
    </line>
    <line>
      <![CDATA[Report is starting]]>
    </line>
    <line>
      <![CDATA[Extent report has been completed ]]>
    </line>
  </reporter-output>
  <suite name="Default suite" duration-ms="15061" started-at="2020-04-18T15:34:06Z" finished-at="2020-04-18T15:34:21Z">
    <groups>
    </groups>
    <test name="Default test" duration-ms="15061" started-at="2020-04-18T15:34:06Z" finished-at="2020-04-18T15:34:21Z">
      <class name="com.learnautomation.testcases.LoginTestCRM">
        <test-method status="PASS" signature="setUpSuite()[pri:0, instance:com.learnautomation.testcases.LoginTestCRM@35083305]" name="setUpSuite" is-config="true" duration-ms="663" started-at="2020-04-18T21:19:05Z" finished-at="2020-04-18T21:19:06Z">
          <reporter-output>
            <line>
              <![CDATA[Setting up reports and Test Started]]>
            </line>
            <line>
              <![CDATA[Before Suite data has been approved]]>
            </line>
          </reporter-output>
        </test-method> <!-- setUpSuite -->
        <test-method status="PASS" signature="setUp()[pri:0, instance:com.learnautomation.testcases.LoginTestCRM@35083305]" name="setUp" is-config="true" duration-ms="9657" started-at="2020-04-18T21:19:06Z" finished-at="2020-04-18T21:19:16Z">
          <reporter-output>
            <line>
              <![CDATA[Browser data is started]]>
            </line>
            <line>
              <![CDATA[Browser data loading has been completed]]>
            </line>
          </reporter-output>
        </test-method> <!-- setUp -->
        <test-method status="PASS" signature="loginApp()[pri:1, instance:com.learnautomation.testcases.LoginTestCRM@35083305]" name="loginApp" duration-ms="3646" started-at="2020-04-18T21:19:16Z" finished-at="2020-04-18T21:19:19Z">
          <reporter-output>
          </reporter-output>
        </test-method> <!-- loginApp -->
        <test-method status="PASS" signature="tearDownMethod(org.testng.ITestResult)[pri:0, instance:com.learnautomation.testcases.LoginTestCRM@35083305]" name="tearDownMethod" is-config="true" duration-ms="879" started-at="2020-04-18T21:19:19Z" finished-at="2020-04-18T21:19:20Z">
          <params>
            <param index="0">
              <value>
                <![CDATA[[TestResult name=loginApp status=SUCCESS method=LoginTestCRM.loginApp()[pri:1, instance:com.learnautomation.testcases.LoginTestCRM@35083305] output={null}]]]>
              </value>
            </param>
          </params>
          <reporter-output>
            <line>
              <![CDATA[Report is starting]]>
            </line>
            <line>
              <![CDATA[Extent report has been completed ]]>
            </line>
          </reporter-output>
        </test-method> <!-- tearDownMethod -->
        <test-method status="PASS" signature="loginApp1()[pri:2, instance:com.learnautomation.testcases.LoginTestCRM@35083305]" name="loginApp1" duration-ms="4" started-at="2020-04-18T21:19:20Z" finished-at="2020-04-18T21:19:20Z">
          <reporter-output>
          </reporter-output>
        </test-method> <!-- loginApp1 -->
        <test-method status="PASS" signature="tearDownMethod(org.testng.ITestResult)[pri:0, instance:com.learnautomation.testcases.LoginTestCRM@35083305]" name="tearDownMethod" is-config="true" duration-ms="814" started-at="2020-04-18T21:19:20Z" finished-at="2020-04-18T21:19:21Z">
          <params>
            <param index="0">
              <value>
                <![CDATA[[TestResult name=loginApp1 status=SUCCESS method=LoginTestCRM.loginApp1()[pri:2, instance:com.learnautomation.testcases.LoginTestCRM@35083305] output={null}]]]>
              </value>
            </param>
          </params>
          <reporter-output>
            <line>
              <![CDATA[Report is starting]]>
            </line>
            <line>
              <![CDATA[Extent report has been completed ]]>
            </line>
          </reporter-output>
        </test-method> <!-- tearDownMethod -->
        <test-method status="FAIL" signature="closeBroswer()[pri:0, instance:com.learnautomation.testcases.LoginTestCRM@35083305]" name="closeBroswer" is-config="true" duration-ms="0" started-at="2020-04-18T21:19:21Z" finished-at="2020-04-18T21:19:21Z">
          <exception class="java.lang.NullPointerException">
            <full-stacktrace>
              <![CDATA[java.lang.NullPointerException
	at com.learnautomation.utility.BrowserFactory.quitBrowser(BrowserFactory.java:54)
	at com.learnautomation.pages.BaseClass.closeBroswer(BaseClass.java:103)
	at sun.reflect.NativeMethodAccessorImpl.invoke0(Native Method)
	at sun.reflect.NativeMethodAccessorImpl.invoke(Unknown Source)
	at sun.reflect.DelegatingMethodAccessorImpl.invoke(Unknown Source)
	at java.lang.reflect.Method.invoke(Unknown Source)
	at org.testng.internal.MethodInvocationHelper.invokeMethod(MethodInvocationHelper.java:108)
	at org.testng.internal.Invoker.invokeConfigurationMethod(Invoker.java:523)
	at org.testng.internal.Invoker.invokeConfigurations(Invoker.java:224)
	at org.testng.internal.Invoker.invokeConfigurations(Invoker.java:146)
	at org.testng.internal.TestMethodWorker.invokeAfterClassMethods(TestMethodWorker.java:212)
	at org.testng.internal.TestMethodWorker.run(TestMethodWorker.java:112)
	at org.testng.TestRunner.privateRun(TestRunner.java:744)
	at org.testng.TestRunner.run(TestRunner.java:602)
	at org.testng.SuiteRunner.runTest(SuiteRunner.java:380)
	at org.testng.SuiteRunner.runSequentially(SuiteRunner.java:375)
	at org.testng.SuiteRunner.privateRun(SuiteRunner.java:340)
	at org.testng.SuiteRunner.run(SuiteRunner.java:289)
	at org.testng.SuiteRunnerWorker.runSuite(SuiteRunnerWorker.java:52)
	at org.testng.SuiteRunnerWorker.run(SuiteRunnerWorker.java:86)
	at org.testng.TestNG.runSuitesSequentially(TestNG.java:1301)
	at org.testng.TestNG.runSuitesLocally(TestNG.java:1226)
	at org.testng.TestNG.runSuites(TestNG.java:1144)
	at org.testng.TestNG.run(TestNG.java:1115)
	at org.testng.remote.AbstractRemoteTestNG.run(AbstractRemoteTestNG.java:115)
	at org.testng.remote.RemoteTestNG.initAndRun(RemoteTestNG.java:251)
	at org.testng.remote.RemoteTestNG.main(RemoteTestNG.java:77)
]]>
            </full-stacktrace>
          </exception> <!-- java.lang.NullPointerException -->
          <reporter-output>
          </reporter-output>
        </test-method> <!-- closeBroswer -->
      </class> <!-- com.learnautomation.testcases.LoginTestCRM -->
    </test> <!-- Default test -->
  </suite> <!-- Default suite -->
</testng-results>
